2024-05-12 13:28:31 Error: [ParseError] syntax error, unexpected identifier "id", expecting ")"
Request URL: /muralold/Avaliacoes/historico?registro=121069002
Stack Trace:
#0 /home/luis/html/Cake/lib/Cake/View/View.php(933): View->_evaluate()
#1 /home/luis/html/Cake/lib/Cake/View/View.php(473): View->_render()
#2 /home/luis/html/Cake/lib/Cake/Controller/Controller.php(968): View->render()
#3 /home/luis/html/Cake/lib/Cake/Routing/Dispatcher.php(200): Controller->render()
#4 /home/luis/html/Cake/lib/Cake/Routing/Dispatcher.php(167): Dispatcher->_invoke()
#5 /home/luis/html/mural/webroot/index.php(119): Dispatcher->dispatch()
#6 {main}
2024-05-12 13:45:59 Error: [PDOException] SQLSTATE[HY000]: General error: 1364 Field 'observacoes' doesn't have a default value
Request URL: /muralold/avaliacoes/add?estagiario_id=9437
Stack Trace:
#0 /home/luis/html/Cake/lib/Cake/Model/Datasource/DboSource.php(502): PDOStatement->execute()
#1 /home/luis/html/Cake/lib/Cake/Model/Datasource/DboSource.php(468): DboSource->_execute()
#2 /home/luis/html/Cake/lib/Cake/Model/Datasource/DboSource.php(1132): DboSource->execute()
#3 /home/luis/html/Cake/lib/Cake/Model/Model.php(1942): DboSource->create()
#4 /home/luis/html/Cake/lib/Cake/Model/Model.php(1760): Model->_doSave()
#5 /home/luis/html/mural/Controller/AvaliacoesController.php(247): Model->save()
#6 [internal function]: AvaliacoesController->add()
#7 /home/luis/html/Cake/lib/Cake/Controller/Controller.php(499): ReflectionMethod->invokeArgs()
#8 /home/luis/html/Cake/lib/Cake/Routing/Dispatcher.php(193): Controller->invokeAction()
#9 /home/luis/html/Cake/lib/Cake/Routing/Dispatcher.php(167): Dispatcher->_invoke()
#10 /home/luis/html/mural/webroot/index.php(119): Dispatcher->dispatch()
#11 {main}
2024-05-12 16:22:21 Error: [ParseError] syntax error, unexpected token "<"
Request URL: /muralold/Avaliacoes/imprimepdf/Avaliacao.pdf?estagiario_id=9437
Stack Trace:
#0 /home/luis/html/Cake/lib/Cake/View/View.php(933): View->_evaluate()
#1 /home/luis/html/Cake/lib/Cake/View/View.php(473): View->_render()
#2 /home/luis/html/Cake/lib/Cake/Controller/Controller.php(968): View->render()
#3 /home/luis/html/Cake/lib/Cake/Routing/Dispatcher.php(200): Controller->render()
#4 /home/luis/html/Cake/lib/Cake/Routing/Dispatcher.php(167): Dispatcher->_invoke()
#5 /home/luis/html/mural/webroot/index.php(119): Dispatcher->dispatch()
#6 {main}
2024-05-12 16:56:32 Error: [ParseError] Unclosed '[' does not match ')'
Request URL: /muralold/professors/edit/102
Stack Trace:
#0 /home/luis/html/Cake/lib/Cake/View/View.php(933): View->_evaluate()
#1 /home/luis/html/Cake/lib/Cake/View/View.php(473): View->_render()
#2 /home/luis/html/Cake/lib/Cake/Controller/Controller.php(968): View->render()
#3 /home/luis/html/Cake/lib/Cake/Routing/Dispatcher.php(200): Controller->render()
#4 /home/luis/html/Cake/lib/Cake/Routing/Dispatcher.php(167): Dispatcher->_invoke()
#5 /home/luis/html/mural/webroot/index.php(119): Dispatcher->dispatch()
#6 {main}
2024-05-12 18:29:45 Error: [ParseError] syntax error, unexpected identifier "text", expecting "," or ";"
Request URL: /muralold/Alunos/avaliacaoimprimepdf/121069002.pdf?estagiario_id=9437
Stack Trace:
#0 /home/luis/html/Cake/lib/Cake/View/View.php(933): View->_evaluate()
#1 /home/luis/html/Cake/lib/Cake/View/View.php(473): View->_render()
#2 /home/luis/html/Cake/lib/Cake/Controller/Controller.php(968): View->render()
#3 /home/luis/html/Cake/lib/Cake/Routing/Dispatcher.php(200): Controller->render()
#4 /home/luis/html/Cake/lib/Cake/Routing/Dispatcher.php(167): Dispatcher->_invoke()
#5 /home/luis/html/mural/webroot/index.php(119): Dispatcher->dispatch()
#6 {main}
2024-05-12 18:31:12 Error: [ParseError] syntax error, unexpected identifier "text", expecting "," or ";"
Request URL: /muralold/Alunos/avaliacaoimprimepdf/121069002.pdf?estagiario_id=9437
Stack Trace:
#0 /home/luis/html/Cake/lib/Cake/View/View.php(933): View->_evaluate()
#1 /home/luis/html/Cake/lib/Cake/View/View.php(473): View->_render()
#2 /home/luis/html/Cake/lib/Cake/Controller/Controller.php(968): View->render()
#3 /home/luis/html/Cake/lib/Cake/Routing/Dispatcher.php(200): Controller->render()
#4 /home/luis/html/Cake/lib/Cake/Routing/Dispatcher.php(167): Dispatcher->_invoke()
#5 /home/luis/html/mural/webroot/index.php(119): Dispatcher->dispatch()
#6 {main}
2024-05-12 18:31:18 Error: [ParseError] syntax error, unexpected identifier "text", expecting "," or ";"
Request URL: /muralold/Alunos/avaliacaoimprimepdf/121069002.pdf?estagiario_id=9437
Stack Trace:
#0 /home/luis/html/Cake/lib/Cake/View/View.php(933): View->_evaluate()
#1 /home/luis/html/Cake/lib/Cake/View/View.php(473): View->_render()
#2 /home/luis/html/Cake/lib/Cake/Controller/Controller.php(968): View->render()
#3 /home/luis/html/Cake/lib/Cake/Routing/Dispatcher.php(200): Controller->render()
#4 /home/luis/html/Cake/lib/Cake/Routing/Dispatcher.php(167): Dispatcher->_invoke()
#5 /home/luis/html/mural/webroot/index.php(119): Dispatcher->dispatch()
#6 {main}
2024-05-12 18:32:21 Error: [ParseError] syntax error, unexpected identifier "text", expecting "," or ";"
Request URL: /muralold/Alunos/avaliacaoimprimepdf/121069002.pdf?estagiario_id=9437
Stack Trace:
#0 /home/luis/html/Cake/lib/Cake/View/View.php(933): View->_evaluate()
#1 /home/luis/html/Cake/lib/Cake/View/View.php(473): View->_render()
#2 /home/luis/html/Cake/lib/Cake/Controller/Controller.php(968): View->render()
#3 /home/luis/html/Cake/lib/Cake/Routing/Dispatcher.php(200): Controller->render()
#4 /home/luis/html/Cake/lib/Cake/Routing/Dispatcher.php(167): Dispatcher->_invoke()
#5 /home/luis/html/mural/webroot/index.php(119): Dispatcher->dispatch()
#6 {main}
2024-05-12 18:32:30 Error: [ParseError] syntax error, unexpected identifier "text", expecting "," or ";"
Request URL: /muralold/Alunos/avaliacaoimprimepdf/121069002.pdf?estagiario_id=9437
Stack Trace:
#0 /home/luis/html/Cake/lib/Cake/View/View.php(933): View->_evaluate()
#1 /home/luis/html/Cake/lib/Cake/View/View.php(473): View->_render()
#2 /home/luis/html/Cake/lib/Cake/Controller/Controller.php(968): View->render()
#3 /home/luis/html/Cake/lib/Cake/Routing/Dispatcher.php(200): Controller->render()
#4 /home/luis/html/Cake/lib/Cake/Routing/Dispatcher.php(167): Dispatcher->_invoke()
#5 /home/luis/html/mural/webroot/index.php(119): Dispatcher->dispatch()
#6 {main}
2024-05-12 18:37:03 Error: [ParseError] syntax error, unexpected variable "$supervisor", expecting ")"
Request URL: /muralold/Alunos/avaliacaoedita?instituicao_id=918&registro=121069002&estagiario_id=9437
Stack Trace:
#0 /home/luis/html/Cake/lib/Cake/View/View.php(933): View->_evaluate()
#1 /home/luis/html/Cake/lib/Cake/View/View.php(473): View->_render()
#2 /home/luis/html/Cake/lib/Cake/Controller/Controller.php(968): View->render()
#3 /home/luis/html/Cake/lib/Cake/Routing/Dispatcher.php(200): Controller->render()
#4 /home/luis/html/Cake/lib/Cake/Routing/Dispatcher.php(167): Dispatcher->_invoke()
#5 /home/luis/html/mural/webroot/index.php(119): Dispatcher->dispatch()
#6 {main}
2024-05-12 18:49:07 Error: [ParseError] syntax error, unexpected identifier "text", expecting "," or ";"
Request URL: /muralold/Alunos/avaliacaoimprimepdf/121069002.pdf?estagiario_id=9437
Stack Trace:
#0 /home/luis/html/Cake/lib/Cake/View/View.php(933): View->_evaluate()
#1 /home/luis/html/Cake/lib/Cake/View/View.php(473): View->_render()
#2 /home/luis/html/Cake/lib/Cake/Controller/Controller.php(968): View->render()
#3 /home/luis/html/Cake/lib/Cake/Routing/Dispatcher.php(200): Controller->render()
#4 /home/luis/html/Cake/lib/Cake/Routing/Dispatcher.php(167): Dispatcher->_invoke()
#5 /home/luis/html/mural/webroot/index.php(119): Dispatcher->dispatch()
#6 {main}
2024-05-12 19:22:57 Error: [MissingViewException] View file "Alunos/folhadeatividadespdf.ctp" is missing.
Exception Attributes: array (
  'file' => 'Alunos/folhadeatividadespdf.ctp',
)
Request URL: /muralold/Alunos/folhadeatividadespdf/121069002/Minha%20folha%20de%20atividades.pdfv5
Stack Trace:
#0 /home/luis/html/Cake/lib/Cake/View/View.php(470): View->_getViewFileName()
#1 /home/luis/html/Cake/lib/Cake/Controller/Controller.php(968): View->render()
#2 /home/luis/html/Cake/lib/Cake/Routing/Dispatcher.php(200): Controller->render()
#3 /home/luis/html/Cake/lib/Cake/Routing/Dispatcher.php(167): Dispatcher->_invoke()
#4 /home/luis/html/mural/webroot/index.php(119): Dispatcher->dispatch()
#5 {main}
2024-05-12 19:23:28 Error: [MissingViewException] View file "Alunos/folhadeatividadespdf.ctp" is missing.
Exception Attributes: array (
  'file' => 'Alunos/folhadeatividadespdf.ctp',
)
Request URL: /muralold/Alunos/folhadeatividadespdf/121069002/Minha%20folha%20de%20atividades.pdfv5
Stack Trace:
#0 /home/luis/html/Cake/lib/Cake/View/View.php(470): View->_getViewFileName()
#1 /home/luis/html/Cake/lib/Cake/Controller/Controller.php(968): View->render()
#2 /home/luis/html/Cake/lib/Cake/Routing/Dispatcher.php(200): Controller->render()
#3 /home/luis/html/Cake/lib/Cake/Routing/Dispatcher.php(167): Dispatcher->_invoke()
#4 /home/luis/html/mural/webroot/index.php(119): Dispatcher->dispatch()
#5 {main}
2024-05-12 19:57:19 Error: [ParseError] syntax error, unexpected token ";"
Request URL: /muralold/Avaliacoes/view?estagiario_id=9437
Stack Trace:
#0 /home/luis/html/Cake/lib/Cake/View/View.php(933): View->_evaluate()
#1 /home/luis/html/Cake/lib/Cake/View/View.php(473): View->_render()
#2 /home/luis/html/Cake/lib/Cake/Controller/Controller.php(968): View->render()
#3 /home/luis/html/Cake/lib/Cake/Routing/Dispatcher.php(200): Controller->render()
#4 /home/luis/html/Cake/lib/Cake/Routing/Dispatcher.php(167): Dispatcher->_invoke()
#5 /home/luis/html/mural/webroot/index.php(119): Dispatcher->dispatch()
#6 {main}
2024-05-12 20:35:01 Error: [ParseError] syntax error, unexpected single-quoted string ", options", expecting "]"
Request URL: /muralold/avaliacoes/edit/1
Stack Trace:
#0 /home/luis/html/Cake/lib/Cake/View/View.php(933): View->_evaluate()
#1 /home/luis/html/Cake/lib/Cake/View/View.php(473): View->_render()
#2 /home/luis/html/Cake/lib/Cake/Controller/Controller.php(968): View->render()
#3 /home/luis/html/Cake/lib/Cake/Routing/Dispatcher.php(200): Controller->render()
#4 /home/luis/html/Cake/lib/Cake/Routing/Dispatcher.php(167): Dispatcher->_invoke()
#5 /home/luis/html/mural/webroot/index.php(119): Dispatcher->dispatch()
#6 {main}
2024-05-12 20:37:42 Error: [ParseError] syntax error, unexpected single-quoted string ", options", expecting "]"
Request URL: /muralold/avaliacoes/edit/1
Stack Trace:
#0 /home/luis/html/Cake/lib/Cake/View/View.php(933): View->_evaluate()
#1 /home/luis/html/Cake/lib/Cake/View/View.php(473): View->_render()
#2 /home/luis/html/Cake/lib/Cake/Controller/Controller.php(968): View->render()
#3 /home/luis/html/Cake/lib/Cake/Routing/Dispatcher.php(200): Controller->render()
#4 /home/luis/html/Cake/lib/Cake/Routing/Dispatcher.php(167): Dispatcher->_invoke()
#5 /home/luis/html/mural/webroot/index.php(119): Dispatcher->dispatch()
#6 {main}
2024-05-12 20:38:08 Error: [ParseError] syntax error, unexpected single-quoted string ", options", expecting "]"
Request URL: /muralold/avaliacoes/edit/1
Stack Trace:
#0 /home/luis/html/Cake/lib/Cake/View/View.php(933): View->_evaluate()
#1 /home/luis/html/Cake/lib/Cake/View/View.php(473): View->_render()
#2 /home/luis/html/Cake/lib/Cake/Controller/Controller.php(968): View->render()
#3 /home/luis/html/Cake/lib/Cake/Routing/Dispatcher.php(200): Controller->render()
#4 /home/luis/html/Cake/lib/Cake/Routing/Dispatcher.php(167): Dispatcher->_invoke()
#5 /home/luis/html/mural/webroot/index.php(119): Dispatcher->dispatch()
#6 {main}
2024-05-12 20:38:38 Error: [ParseError] syntax error, unexpected single-quoted string ", options", expecting "]"
Request URL: /muralold/avaliacoes/edit/1
Stack Trace:
#0 /home/luis/html/Cake/lib/Cake/View/View.php(933): View->_evaluate()
#1 /home/luis/html/Cake/lib/Cake/View/View.php(473): View->_render()
#2 /home/luis/html/Cake/lib/Cake/Controller/Controller.php(968): View->render()
#3 /home/luis/html/Cake/lib/Cake/Routing/Dispatcher.php(200): Controller->render()
#4 /home/luis/html/Cake/lib/Cake/Routing/Dispatcher.php(167): Dispatcher->_invoke()
#5 /home/luis/html/mural/webroot/index.php(119): Dispatcher->dispatch()
#6 {main}
2024-05-12 20:38:40 Error: [ParseError] syntax error, unexpected single-quoted string ", options", expecting "]"
Request URL: /muralold/avaliacoes/edit/1
Stack Trace:
#0 /home/luis/html/Cake/lib/Cake/View/View.php(933): View->_evaluate()
#1 /home/luis/html/Cake/lib/Cake/View/View.php(473): View->_render()
#2 /home/luis/html/Cake/lib/Cake/Controller/Controller.php(968): View->render()
#3 /home/luis/html/Cake/lib/Cake/Routing/Dispatcher.php(200): Controller->render()
#4 /home/luis/html/Cake/lib/Cake/Routing/Dispatcher.php(167): Dispatcher->_invoke()
#5 /home/luis/html/mural/webroot/index.php(119): Dispatcher->dispatch()
#6 {main}
2024-05-12 20:39:14 Error: [ParseError] syntax error, unexpected token ";"
Request URL: /muralold/avaliacoes/edit/1
Stack Trace:
#0 /home/luis/html/Cake/lib/Cake/View/View.php(933): View->_evaluate()
#1 /home/luis/html/Cake/lib/Cake/View/View.php(473): View->_render()
#2 /home/luis/html/Cake/lib/Cake/Controller/Controller.php(968): View->render()
#3 /home/luis/html/Cake/lib/Cake/Routing/Dispatcher.php(200): Controller->render()
#4 /home/luis/html/Cake/lib/Cake/Routing/Dispatcher.php(167): Dispatcher->_invoke()
#5 /home/luis/html/mural/webroot/index.php(119): Dispatcher->dispatch()
#6 {main}
2024-05-12 20:39:33 Error: [ParseError] syntax error, unexpected token ";"
Request URL: /muralold/avaliacoes/edit/1
Stack Trace:
#0 /home/luis/html/Cake/lib/Cake/View/View.php(933): View->_evaluate()
#1 /home/luis/html/Cake/lib/Cake/View/View.php(473): View->_render()
#2 /home/luis/html/Cake/lib/Cake/Controller/Controller.php(968): View->render()
#3 /home/luis/html/Cake/lib/Cake/Routing/Dispatcher.php(200): Controller->render()
#4 /home/luis/html/Cake/lib/Cake/Routing/Dispatcher.php(167): Dispatcher->_invoke()
#5 /home/luis/html/mural/webroot/index.php(119): Dispatcher->dispatch()
#6 {main}
2024-05-12 20:39:34 Error: [ParseError] syntax error, unexpected token ";"
Request URL: /muralold/avaliacoes/edit/1
Stack Trace:
#0 /home/luis/html/Cake/lib/Cake/View/View.php(933): View->_evaluate()
#1 /home/luis/html/Cake/lib/Cake/View/View.php(473): View->_render()
#2 /home/luis/html/Cake/lib/Cake/Controller/Controller.php(968): View->render()
#3 /home/luis/html/Cake/lib/Cake/Routing/Dispatcher.php(200): Controller->render()
#4 /home/luis/html/Cake/lib/Cake/Routing/Dispatcher.php(167): Dispatcher->_invoke()
#5 /home/luis/html/mural/webroot/index.php(119): Dispatcher->dispatch()
#6 {main}
2024-05-12 20:40:03 Error: [ParseError] syntax error, unexpected token ";"
Request URL: /muralold/avaliacoes/edit/1
Stack Trace:
#0 /home/luis/html/Cake/lib/Cake/View/View.php(933): View->_evaluate()
#1 /home/luis/html/Cake/lib/Cake/View/View.php(473): View->_render()
#2 /home/luis/html/Cake/lib/Cake/Controller/Controller.php(968): View->render()
#3 /home/luis/html/Cake/lib/Cake/Routing/Dispatcher.php(200): Controller->render()
#4 /home/luis/html/Cake/lib/Cake/Routing/Dispatcher.php(167): Dispatcher->_invoke()
#5 /home/luis/html/mural/webroot/index.php(119): Dispatcher->dispatch()
#6 {main}
2024-05-12 20:40:04 Error: [ParseError] syntax error, unexpected token ";"
Request URL: /muralold/avaliacoes/edit/1
Stack Trace:
#0 /home/luis/html/Cake/lib/Cake/View/View.php(933): View->_evaluate()
#1 /home/luis/html/Cake/lib/Cake/View/View.php(473): View->_render()
#2 /home/luis/html/Cake/lib/Cake/Controller/Controller.php(968): View->render()
#3 /home/luis/html/Cake/lib/Cake/Routing/Dispatcher.php(200): Controller->render()
#4 /home/luis/html/Cake/lib/Cake/Routing/Dispatcher.php(167): Dispatcher->_invoke()
#5 /home/luis/html/mural/webroot/index.php(119): Dispatcher->dispatch()
#6 {main}
2024-05-12 20:40:09 Error: [ParseError] syntax error, unexpected token ";"
Request URL: /muralold/avaliacoes/edit/1
Stack Trace:
#0 /home/luis/html/Cake/lib/Cake/View/View.php(933): View->_evaluate()
#1 /home/luis/html/Cake/lib/Cake/View/View.php(473): View->_render()
#2 /home/luis/html/Cake/lib/Cake/Controller/Controller.php(968): View->render()
#3 /home/luis/html/Cake/lib/Cake/Routing/Dispatcher.php(200): Controller->render()
#4 /home/luis/html/Cake/lib/Cake/Routing/Dispatcher.php(167): Dispatcher->_invoke()
#5 /home/luis/html/mural/webroot/index.php(119): Dispatcher->dispatch()
#6 {main}
2024-05-12 20:41:35 Error: [ParseError] syntax error, unexpected token ";"
Request URL: /muralold/avaliacoes/edit/1
Stack Trace:
#0 /home/luis/html/Cake/lib/Cake/View/View.php(933): View->_evaluate()
#1 /home/luis/html/Cake/lib/Cake/View/View.php(473): View->_render()
#2 /home/luis/html/Cake/lib/Cake/Controller/Controller.php(968): View->render()
#3 /home/luis/html/Cake/lib/Cake/Routing/Dispatcher.php(200): Controller->render()
#4 /home/luis/html/Cake/lib/Cake/Routing/Dispatcher.php(167): Dispatcher->_invoke()
#5 /home/luis/html/mural/webroot/index.php(119): Dispatcher->dispatch()
#6 {main}
2024-05-12 20:50:32 Error: [ParseError] syntax error, unexpected token ";"
Request URL: /muralold/avaliacoes/edit/1
Stack Trace:
#0 /home/luis/html/Cake/lib/Cake/View/View.php(933): View->_evaluate()
#1 /home/luis/html/Cake/lib/Cake/View/View.php(473): View->_render()
#2 /home/luis/html/Cake/lib/Cake/Controller/Controller.php(968): View->render()
#3 /home/luis/html/Cake/lib/Cake/Routing/Dispatcher.php(200): Controller->render()
#4 /home/luis/html/Cake/lib/Cake/Routing/Dispatcher.php(167): Dispatcher->_invoke()
#5 /home/luis/html/mural/webroot/index.php(119): Dispatcher->dispatch()
#6 {main}
2024-05-12 20:58:04 Error: [ParseError] syntax error, unexpected token ";"
Request URL: /muralold/avaliacoes/edit/1
Stack Trace:
#0 /home/luis/html/Cake/lib/Cake/View/View.php(933): View->_evaluate()
#1 /home/luis/html/Cake/lib/Cake/View/View.php(473): View->_render()
#2 /home/luis/html/Cake/lib/Cake/Controller/Controller.php(968): View->render()
#3 /home/luis/html/Cake/lib/Cake/Routing/Dispatcher.php(200): Controller->render()
#4 /home/luis/html/Cake/lib/Cake/Routing/Dispatcher.php(167): Dispatcher->_invoke()
#5 /home/luis/html/mural/webroot/index.php(119): Dispatcher->dispatch()
#6 {main}
2024-05-12 20:58:39 Error: [ParseError] syntax error, unexpected token ";"
Request URL: /muralold/avaliacoes/edit/1
Stack Trace:
#0 /home/luis/html/Cake/lib/Cake/View/View.php(933): View->_evaluate()
#1 /home/luis/html/Cake/lib/Cake/View/View.php(473): View->_render()
#2 /home/luis/html/Cake/lib/Cake/Controller/Controller.php(968): View->render()
#3 /home/luis/html/Cake/lib/Cake/Routing/Dispatcher.php(200): Controller->render()
#4 /home/luis/html/Cake/lib/Cake/Routing/Dispatcher.php(167): Dispatcher->_invoke()
#5 /home/luis/html/mural/webroot/index.php(119): Dispatcher->dispatch()
#6 {main}
2024-05-12 20:58:40 Error: [ParseError] syntax error, unexpected token ";"
Request URL: /muralold/avaliacoes/edit/1
Stack Trace:
#0 /home/luis/html/Cake/lib/Cake/View/View.php(933): View->_evaluate()
#1 /home/luis/html/Cake/lib/Cake/View/View.php(473): View->_render()
#2 /home/luis/html/Cake/lib/Cake/Controller/Controller.php(968): View->render()
#3 /home/luis/html/Cake/lib/Cake/Routing/Dispatcher.php(200): Controller->render()
#4 /home/luis/html/Cake/lib/Cake/Routing/Dispatcher.php(167): Dispatcher->_invoke()
#5 /home/luis/html/mural/webroot/index.php(119): Dispatcher->dispatch()
#6 {main}
2024-05-12 21:00:58 Error: [ParseError] syntax error, unexpected single-quoted string ", options", expecting "]"
Request URL: /muralold/avaliacoes/edit/1
Stack Trace:
#0 /home/luis/html/Cake/lib/Cake/View/View.php(933): View->_evaluate()
#1 /home/luis/html/Cake/lib/Cake/View/View.php(473): View->_render()
#2 /home/luis/html/Cake/lib/Cake/Controller/Controller.php(968): View->render()
#3 /home/luis/html/Cake/lib/Cake/Routing/Dispatcher.php(200): Controller->render()
#4 /home/luis/html/Cake/lib/Cake/Routing/Dispatcher.php(167): Dispatcher->_invoke()
#5 /home/luis/html/mural/webroot/index.php(119): Dispatcher->dispatch()
#6 {main}
2024-05-12 21:02:56 Error: [ParseError] syntax error, unexpected single-quoted string ", options", expecting "]"
Request URL: /muralold/avaliacoes/edit/1
Stack Trace:
#0 /home/luis/html/Cake/lib/Cake/View/View.php(933): View->_evaluate()
#1 /home/luis/html/Cake/lib/Cake/View/View.php(473): View->_render()
#2 /home/luis/html/Cake/lib/Cake/Controller/Controller.php(968): View->render()
#3 /home/luis/html/Cake/lib/Cake/Routing/Dispatcher.php(200): Controller->render()
#4 /home/luis/html/Cake/lib/Cake/Routing/Dispatcher.php(167): Dispatcher->_invoke()
#5 /home/luis/html/mural/webroot/index.php(119): Dispatcher->dispatch()
#6 {main}
2024-05-12 21:04:16 Error: [ParseError] syntax error, unexpected token ";"
Request URL: /muralold/avaliacoes/edit/1
Stack Trace:
#0 /home/luis/html/Cake/lib/Cake/View/View.php(933): View->_evaluate()
#1 /home/luis/html/Cake/lib/Cake/View/View.php(473): View->_render()
#2 /home/luis/html/Cake/lib/Cake/Controller/Controller.php(968): View->render()
#3 /home/luis/html/Cake/lib/Cake/Routing/Dispatcher.php(200): Controller->render()
#4 /home/luis/html/Cake/lib/Cake/Routing/Dispatcher.php(167): Dispatcher->_invoke()
#5 /home/luis/html/mural/webroot/index.php(119): Dispatcher->dispatch()
#6 {main}
2024-05-12 21:05:09 Error: [ParseError] syntax error, unexpected token ";"
Request URL: /muralold/avaliacoes/edit/1
Stack Trace:
#0 /home/luis/html/Cake/lib/Cake/View/View.php(933): View->_evaluate()
#1 /home/luis/html/Cake/lib/Cake/View/View.php(473): View->_render()
#2 /home/luis/html/Cake/lib/Cake/Controller/Controller.php(968): View->render()
#3 /home/luis/html/Cake/lib/Cake/Routing/Dispatcher.php(200): Controller->render()
#4 /home/luis/html/Cake/lib/Cake/Routing/Dispatcher.php(167): Dispatcher->_invoke()
#5 /home/luis/html/mural/webroot/index.php(119): Dispatcher->dispatch()
#6 {main}
2024-05-12 23:31:10 Error: [MissingConnectionException] Database connection "Mysql" is missing, or could not be created.
Exception Attributes: array (
  'class' => 'Mysql',
  'message' => 'Selected driver is not enabled',
  'enabled' => false,
)
Request URL: /muralold/users/login
Stack Trace:
#0 /home/luis/html/Cake/lib/Cake/Model/ConnectionManager.php(105): DboSource->__construct()
#1 /home/luis/html/Cake/lib/Cake/Model/Model.php(3659): ConnectionManager::getDataSource()
#2 /home/luis/html/Cake/lib/Cake/Model/Model.php(1162): Model->setDataSource()
#3 /home/luis/html/Cake/lib/Cake/Model/Model.php(3686): Model->setSource()
#4 /home/luis/html/Cake/lib/Cake/Model/Model.php(1394): Model->getDataSource()
#5 /home/luis/html/Cake/lib/Cake/View/Helper/FormHelper.php(215): Model->schema()
#6 /home/luis/html/Cake/lib/Cake/View/Helper/FormHelper.php(480): FormHelper->_introspectModel()
#7 /home/luis/html/mural/View/Users/login.ctp(4): FormHelper->create()
#8 /home/luis/html/Cake/lib/Cake/View/View.php(971): include('...')
#9 /home/luis/html/Cake/lib/Cake/View/View.php(933): View->_evaluate()
#10 /home/luis/html/Cake/lib/Cake/View/View.php(473): View->_render()
#11 /home/luis/html/Cake/lib/Cake/Controller/Controller.php(968): View->render()
#12 /home/luis/html/Cake/lib/Cake/Routing/Dispatcher.php(200): Controller->render()
#13 /home/luis/html/Cake/lib/Cake/Routing/Dispatcher.php(167): Dispatcher->_invoke()
#14 /home/luis/html/mural/webroot/index.php(121): Dispatcher->dispatch()
#15 {main}
2024-05-12 23:32:17 Error: [MissingConnectionException] Database connection "Mysql" is missing, or could not be created.
Exception Attributes: array (
  'class' => 'Mysql',
  'message' => 'Selected driver is not enabled',
  'enabled' => false,
)
Request URL: /muralold/users/login
Stack Trace:
#0 /home/luis/html/Cake/lib/Cake/Model/ConnectionManager.php(105): DboSource->__construct()
#1 /home/luis/html/Cake/lib/Cake/Model/Model.php(3659): ConnectionManager::getDataSource()
#2 /home/luis/html/Cake/lib/Cake/Model/Model.php(1162): Model->setDataSource()
#3 /home/luis/html/Cake/lib/Cake/Model/Model.php(3686): Model->setSource()
#4 /home/luis/html/Cake/lib/Cake/Model/Model.php(1394): Model->getDataSource()
#5 /home/luis/html/Cake/lib/Cake/View/Helper/FormHelper.php(215): Model->schema()
#6 /home/luis/html/Cake/lib/Cake/View/Helper/FormHelper.php(480): FormHelper->_introspectModel()
#7 /home/luis/html/mural/View/Users/login.ctp(4): FormHelper->create()
#8 /home/luis/html/Cake/lib/Cake/View/View.php(971): include('...')
#9 /home/luis/html/Cake/lib/Cake/View/View.php(933): View->_evaluate()
#10 /home/luis/html/Cake/lib/Cake/View/View.php(473): View->_render()
#11 /home/luis/html/Cake/lib/Cake/Controller/Controller.php(968): View->render()
#12 /home/luis/html/Cake/lib/Cake/Routing/Dispatcher.php(200): Controller->render()
#13 /home/luis/html/Cake/lib/Cake/Routing/Dispatcher.php(167): Dispatcher->_invoke()
#14 /home/luis/html/mural/webroot/index.php(121): Dispatcher->dispatch()
#15 {main}
2024-05-12 23:32:24 Error: [MissingConnectionException] Database connection "Mysql" is missing, or could not be created.
Exception Attributes: array (
  'class' => 'Mysql',
  'message' => 'Selected driver is not enabled',
  'enabled' => false,
)
Request URL: /muralold/users/login
Stack Trace:
#0 /home/luis/html/Cake/lib/Cake/Model/ConnectionManager.php(105): DboSource->__construct()
#1 /home/luis/html/Cake/lib/Cake/Model/Model.php(3659): ConnectionManager::getDataSource()
#2 /home/luis/html/Cake/lib/Cake/Model/Model.php(1162): Model->setDataSource()
#3 /home/luis/html/Cake/lib/Cake/Model/Model.php(3686): Model->setSource()
#4 /home/luis/html/Cake/lib/Cake/Model/Model.php(1394): Model->getDataSource()
#5 /home/luis/html/Cake/lib/Cake/View/Helper/FormHelper.php(215): Model->schema()
#6 /home/luis/html/Cake/lib/Cake/View/Helper/FormHelper.php(480): FormHelper->_introspectModel()
#7 /home/luis/html/mural/View/Users/login.ctp(4): FormHelper->create()
#8 /home/luis/html/Cake/lib/Cake/View/View.php(971): include('...')
#9 /home/luis/html/Cake/lib/Cake/View/View.php(933): View->_evaluate()
#10 /home/luis/html/Cake/lib/Cake/View/View.php(473): View->_render()
#11 /home/luis/html/Cake/lib/Cake/Controller/Controller.php(968): View->render()
#12 /home/luis/html/Cake/lib/Cake/Routing/Dispatcher.php(200): Controller->render()
#13 /home/luis/html/Cake/lib/Cake/Routing/Dispatcher.php(167): Dispatcher->_invoke()
#14 /home/luis/html/mural/webroot/index.php(121): Dispatcher->dispatch()
#15 {main}
2024-05-12 23:37:16 Error: [MissingConnectionException] Database connection "Mysql" is missing, or could not be created.
Exception Attributes: array (
  'class' => 'Mysql',
  'message' => 'Selected driver is not enabled',
  'enabled' => false,
)
Request URL: /muralold/users/login
Stack Trace:
#0 /home/luis/html/Cake/lib/Cake/Model/ConnectionManager.php(105): DboSource->__construct()
#1 /home/luis/html/Cake/lib/Cake/Model/Model.php(3659): ConnectionManager::getDataSource()
#2 /home/luis/html/Cake/lib/Cake/Model/Model.php(1162): Model->setDataSource()
#3 /home/luis/html/Cake/lib/Cake/Model/Model.php(3686): Model->setSource()
#4 /home/luis/html/Cake/lib/Cake/Model/Model.php(1394): Model->getDataSource()
#5 /home/luis/html/Cake/lib/Cake/View/Helper/FormHelper.php(215): Model->schema()
#6 /home/luis/html/Cake/lib/Cake/View/Helper/FormHelper.php(480): FormHelper->_introspectModel()
#7 /home/luis/html/mural/View/Users/login.ctp(4): FormHelper->create()
#8 /home/luis/html/Cake/lib/Cake/View/View.php(971): include('...')
#9 /home/luis/html/Cake/lib/Cake/View/View.php(933): View->_evaluate()
#10 /home/luis/html/Cake/lib/Cake/View/View.php(473): View->_render()
#11 /home/luis/html/Cake/lib/Cake/Controller/Controller.php(968): View->render()
#12 /home/luis/html/Cake/lib/Cake/Routing/Dispatcher.php(200): Controller->render()
#13 /home/luis/html/Cake/lib/Cake/Routing/Dispatcher.php(167): Dispatcher->_invoke()
#14 /home/luis/html/mural/webroot/index.php(121): Dispatcher->dispatch()
#15 {main}
2024-05-12 23:39:16 Error: [PDOException] SQLSTATE[42S22]: Column not found: 1054 Unknown column 'Professor.cress' in 'field list'
Request URL: /muralold/estagiarios/index/
Stack Trace:
#0 /home/luis/html/Cake/lib/Cake/Model/Datasource/DboSource.php(502): PDOStatement->execute(Array)
#1 /home/luis/html/Cake/lib/Cake/Model/Datasource/DboSource.php(468): DboSource->_execute('SELECT `Estagia...', Array)
#2 /home/luis/html/Cake/lib/Cake/Model/Datasource/DboSource.php(715): DboSource->execute('SELECT `Estagia...', Array, Array)
#3 /home/luis/html/Cake/lib/Cake/Model/Datasource/DboSource.php(1226): DboSource->fetchAll('SELECT `Estagia...', Array)
#4 /home/luis/html/Cake/lib/Cake/Model/Model.php(3053): DboSource->read(Object(Estagiario), Array)
#5 /home/luis/html/Cake/lib/Cake/Model/Model.php(3025): Model->_readDataSource('all', Array)
#6 /home/luis/html/Cake/lib/Cake/Controller/Component/PaginatorComponent.php(212): Model->find('all', Array)
#7 /home/luis/html/Cake/lib/Cake/Controller/Controller.php(1107): PaginatorComponent->paginate(Object(Estagiario), Array, Array)
#8 /home/luis/html/mural/Controller/EstagiariosController.php(320): Controller->paginate(Array)
#9 [internal function]: EstagiariosController->index()
#10 /home/luis/html/Cake/lib/Cake/Controller/Controller.php(499): ReflectionMethod->invokeArgs(Object(EstagiariosController), Array)
#11 /home/luis/html/Cake/lib/Cake/Routing/Dispatcher.php(193): Controller->invokeAction(Object(CakeRequest))
#12 /home/luis/html/Cake/lib/Cake/Routing/Dispatcher.php(167): Dispatcher->_invoke(Object(EstagiariosController), Object(CakeRequest))
#13 /home/luis/html/mural/webroot/index.php(121): Dispatcher->dispatch(Object(CakeRequest), Object(CakeResponse))
#14 {main}
2024-05-12 23:41:08 Error: [PDOException] SQLSTATE[42S22]: Column not found: 1054 Unknown column 'Professor.cress' in 'field list'
Request URL: /muralold/estagiarios/index/
Stack Trace:
#0 /home/luis/html/Cake/lib/Cake/Model/Datasource/DboSource.php(502): PDOStatement->execute(Array)
#1 /home/luis/html/Cake/lib/Cake/Model/Datasource/DboSource.php(468): DboSource->_execute('SELECT `Estagia...', Array)
#2 /home/luis/html/Cake/lib/Cake/Model/Datasource/DboSource.php(715): DboSource->execute('SELECT `Estagia...', Array, Array)
#3 /home/luis/html/Cake/lib/Cake/Model/Datasource/DboSource.php(1226): DboSource->fetchAll('SELECT `Estagia...', Array)
#4 /home/luis/html/Cake/lib/Cake/Model/Model.php(3053): DboSource->read(Object(Estagiario), Array)
#5 /home/luis/html/Cake/lib/Cake/Model/Model.php(3025): Model->_readDataSource('all', Array)
#6 /home/luis/html/Cake/lib/Cake/Controller/Component/PaginatorComponent.php(212): Model->find('all', Array)
#7 /home/luis/html/Cake/lib/Cake/Controller/Controller.php(1107): PaginatorComponent->paginate(Object(Estagiario), Array, Array)
#8 /home/luis/html/mural/Controller/EstagiariosController.php(320): Controller->paginate(Array)
#9 [internal function]: EstagiariosController->index()
#10 /home/luis/html/Cake/lib/Cake/Controller/Controller.php(499): ReflectionMethod->invokeArgs(Object(EstagiariosController), Array)
#11 /home/luis/html/Cake/lib/Cake/Routing/Dispatcher.php(193): Controller->invokeAction(Object(CakeRequest))
#12 /home/luis/html/Cake/lib/Cake/Routing/Dispatcher.php(167): Dispatcher->_invoke(Object(EstagiariosController), Object(CakeRequest))
#13 /home/luis/html/mural/webroot/index.php(121): Dispatcher->dispatch(Object(CakeRequest), Object(CakeResponse))
#14 {main}
